<?xml version="1.0" encoding="UTF-8"?>
<!-- Generated by org.testng.reporters.JUnitReportReporter -->
<testsuite skipped="0" hostname="DESKTOP-23R50OH" name="com.obsqura.ProjectWithPOM.SimpleFormDemoTest" tests="3" failures="0" timestamp="06 Jan 2023 04:38:44 GMT" time="30.724" errors="0">
  <testcase name="enterMessageAndVerifyTwoInputField" time="17.782" classname="com.obsqura.ProjectWithPOM.SimpleFormDemoTest"/>
  <testcase name="enterMessageAndVerifySingleInputField" time="7.193" classname="com.obsqura.ProjectWithPOM.SimpleFormDemoTest"/>
  <testcase name="checkAndVerifyTitleAndUrl" time="5.749" classname="com.obsqura.ProjectWithPOM.SimpleFormDemoTest"/>
</testsuite> <!-- com.obsqura.ProjectWithPOM.SimpleFormDemoTest -->
