<?xml version="1.0" encoding="UTF-8"?>
<!-- Generated by org.testng.reporters.JUnitReportReporter -->
<testsuite skipped="0" hostname="DESKTOP-23R50OH" name="com.obsqura.ProjectWithPOM.SimpleFormDemoTest" tests="3" failures="0" timestamp="10 Jan 2023 03:36:08 GMT" time="21.823" errors="0">
  <testcase name="enterMessageAndVerifyTwoInputField" time="6.501" classname="com.obsqura.ProjectWithPOM.SimpleFormDemoTest"/>
  <testcase name="enterMessageAndVerifySingleInputField" time="7.294" classname="com.obsqura.ProjectWithPOM.SimpleFormDemoTest"/>
  <testcase name="checkAndVerifyTitleAndUrl" time="8.028" classname="com.obsqura.ProjectWithPOM.SimpleFormDemoTest"/>
</testsuite> <!-- com.obsqura.ProjectWithPOM.SimpleFormDemoTest -->
